<?xml version="1.0" encoding="UTF-8"?>
<testsuite xmlns:xsi="http://www.w3.org/2001/XMLSchema-instance" xsi:noNamespaceSchemaLocation="https://maven.apache.org/surefire/maven-surefire-plugin/xsd/surefire-test-report.xsd" name="com.habibie.demo.DemoApplicationTests" time="7.342" tests="1" errors="0" skipped="0" failures="0">
  <properties>
    <property name="awt.toolkit" value="sun.awt.X11.XToolkit"/>
    <property name="java.specification.version" value="11"/>
    <property name="sun.cpu.isalist" value=""/>
    <property name="sun.jnu.encoding" value="UTF-8"/>
    <property name="java.class.path" value="/home/guest/NetBeansProjects/ReportReceiver/target/test-classes:/home/guest/NetBeansProjects/ReportReceiver/target/classes:/home/guest/.m2/org/springframework/boot/spring-boot-starter-web/2.5.6/spring-boot-starter-web-2.5.6.jar:/home/guest/.m2/org/springframework/boot/spring-boot-starter/2.5.6/spring-boot-starter-2.5.6.jar:/home/guest/.m2/org/springframework/boot/spring-boot/2.5.6/spring-boot-2.5.6.jar:/home/guest/.m2/org/springframework/boot/spring-boot-autoconfigure/2.5.6/spring-boot-autoconfigure-2.5.6.jar:/home/guest/.m2/org/springframework/boot/spring-boot-starter-logging/2.5.6/spring-boot-starter-logging-2.5.6.jar:/home/guest/.m2/ch/qos/logback/logback-classic/1.2.6/logback-classic-1.2.6.jar:/home/guest/.m2/ch/qos/logback/logback-core/1.2.6/logback-core-1.2.6.jar:/home/guest/.m2/org/apache/logging/log4j/log4j-to-slf4j/2.14.1/log4j-to-slf4j-2.14.1.jar:/home/guest/.m2/org/apache/logging/log4j/log4j-api/2.14.1/log4j-api-2.14.1.jar:/home/guest/.m2/org/slf4j/jul-to-slf4j/1.7.32/jul-to-slf4j-1.7.32.jar:/home/guest/.m2/jakarta/annotation/jakarta.annotation-api/1.3.5/jakarta.annotation-api-1.3.5.jar:/home/guest/.m2/org/yaml/snakeyaml/1.28/snakeyaml-1.28.jar:/home/guest/.m2/org/springframework/boot/spring-boot-starter-json/2.5.6/spring-boot-starter-json-2.5.6.jar:/home/guest/.m2/com/fasterxml/jackson/core/jackson-databind/2.12.5/jackson-databind-2.12.5.jar:/home/guest/.m2/com/fasterxml/jackson/core/jackson-annotations/2.12.5/jackson-annotations-2.12.5.jar:/home/guest/.m2/com/fasterxml/jackson/core/jackson-core/2.12.5/jackson-core-2.12.5.jar:/home/guest/.m2/com/fasterxml/jackson/datatype/jackson-datatype-jdk8/2.12.5/jackson-datatype-jdk8-2.12.5.jar:/home/guest/.m2/com/fasterxml/jackson/datatype/jackson-datatype-jsr310/2.12.5/jackson-datatype-jsr310-2.12.5.jar:/home/guest/.m2/com/fasterxml/jackson/module/jackson-module-parameter-names/2.12.5/jackson-module-parameter-names-2.12.5.jar:/home/guest/.m2/org/springframework/boot/spring-boot-starter-tomcat/2.5.6/spring-boot-starter-tomcat-2.5.6.jar:/home/guest/.m2/org/apache/tomcat/embed/tomcat-embed-core/9.0.54/tomcat-embed-core-9.0.54.jar:/home/guest/.m2/org/apache/tomcat/embed/tomcat-embed-websocket/9.0.54/tomcat-embed-websocket-9.0.54.jar:/home/guest/.m2/org/springframework/spring-web/5.3.12/spring-web-5.3.12.jar:/home/guest/.m2/org/springframework/spring-beans/5.3.12/spring-beans-5.3.12.jar:/home/guest/.m2/org/springframework/spring-webmvc/5.3.12/spring-webmvc-5.3.12.jar:/home/guest/.m2/org/springframework/spring-aop/5.3.12/spring-aop-5.3.12.jar:/home/guest/.m2/org/springframework/spring-context/5.3.12/spring-context-5.3.12.jar:/home/guest/.m2/org/springframework/spring-expression/5.3.12/spring-expression-5.3.12.jar:/home/guest/.m2/org/springframework/boot/spring-boot-starter-test/2.5.6/spring-boot-starter-test-2.5.6.jar:/home/guest/.m2/org/springframework/boot/spring-boot-test/2.5.6/spring-boot-test-2.5.6.jar:/home/guest/.m2/org/springframework/boot/spring-boot-test-autoconfigure/2.5.6/spring-boot-test-autoconfigure-2.5.6.jar:/home/guest/.m2/com/jayway/jsonpath/json-path/2.5.0/json-path-2.5.0.jar:/home/guest/.m2/net/minidev/json-smart/2.4.7/json-smart-2.4.7.jar:/home/guest/.m2/net/minidev/accessors-smart/2.4.7/accessors-smart-2.4.7.jar:/home/guest/.m2/org/ow2/asm/asm/9.1/asm-9.1.jar:/home/guest/.m2/org/slf4j/slf4j-api/1.7.32/slf4j-api-1.7.32.jar:/home/guest/.m2/jakarta/xml/bind/jakarta.xml.bind-api/2.3.3/jakarta.xml.bind-api-2.3.3.jar:/home/guest/.m2/jakarta/activation/jakarta.activation-api/1.2.2/jakarta.activation-api-1.2.2.jar:/home/guest/.m2/org/assertj/assertj-core/3.19.0/assertj-core-3.19.0.jar:/home/guest/.m2/org/hamcrest/hamcrest/2.2/hamcrest-2.2.jar:/home/guest/.m2/org/junit/jupiter/junit-jupiter/5.7.2/junit-jupiter-5.7.2.jar:/home/guest/.m2/org/junit/jupiter/junit-jupiter-api/5.7.2/junit-jupiter-api-5.7.2.jar:/home/guest/.m2/org/apiguardian/apiguardian-api/1.1.0/apiguardian-api-1.1.0.jar:/home/guest/.m2/org/opentest4j/opentest4j/1.2.0/opentest4j-1.2.0.jar:/home/guest/.m2/org/junit/platform/junit-platform-commons/1.7.2/junit-platform-commons-1.7.2.jar:/home/guest/.m2/org/junit/jupiter/junit-jupiter-params/5.7.2/junit-jupiter-params-5.7.2.jar:/home/guest/.m2/org/junit/jupiter/junit-jupiter-engine/5.7.2/junit-jupiter-engine-5.7.2.jar:/home/guest/.m2/org/junit/platform/junit-platform-engine/1.7.2/junit-platform-engine-1.7.2.jar:/home/guest/.m2/org/mockito/mockito-core/3.9.0/mockito-core-3.9.0.jar:/home/guest/.m2/net/bytebuddy/byte-buddy/1.10.22/byte-buddy-1.10.22.jar:/home/guest/.m2/net/bytebuddy/byte-buddy-agent/1.10.22/byte-buddy-agent-1.10.22.jar:/home/guest/.m2/org/objenesis/objenesis/3.2/objenesis-3.2.jar:/home/guest/.m2/org/mockito/mockito-junit-jupiter/3.9.0/mockito-junit-jupiter-3.9.0.jar:/home/guest/.m2/org/skyscreamer/jsonassert/1.5.0/jsonassert-1.5.0.jar:/home/guest/.m2/com/vaadin/external/google/android-json/0.0.20131108.vaadin1/android-json-0.0.20131108.vaadin1.jar:/home/guest/.m2/org/springframework/spring-core/5.3.12/spring-core-5.3.12.jar:/home/guest/.m2/org/springframework/spring-jcl/5.3.12/spring-jcl-5.3.12.jar:/home/guest/.m2/org/springframework/spring-test/5.3.12/spring-test-5.3.12.jar:/home/guest/.m2/org/xmlunit/xmlunit-core/2.8.3/xmlunit-core-2.8.3.jar:/home/guest/.m2/org/springframework/boot/spring-boot-starter-validation/2.5.6/spring-boot-starter-validation-2.5.6.jar:/home/guest/.m2/org/apache/tomcat/embed/tomcat-embed-el/9.0.54/tomcat-embed-el-9.0.54.jar:/home/guest/.m2/org/hibernate/validator/hibernate-validator/6.2.0.Final/hibernate-validator-6.2.0.Final.jar:/home/guest/.m2/jakarta/validation/jakarta.validation-api/2.0.2/jakarta.validation-api-2.0.2.jar:/home/guest/.m2/org/jboss/logging/jboss-logging/3.4.2.Final/jboss-logging-3.4.2.Final.jar:/home/guest/.m2/com/fasterxml/classmate/1.5.1/classmate-1.5.1.jar:/home/guest/.m2/org/springframework/boot/spring-boot-starter-oauth2-resource-server/2.5.6/spring-boot-starter-oauth2-resource-server-2.5.6.jar:/home/guest/.m2/org/springframework/security/spring-security-config/5.5.3/spring-security-config-5.5.3.jar:/home/guest/.m2/org/springframework/security/spring-security-core/5.5.3/spring-security-core-5.5.3.jar:/home/guest/.m2/org/springframework/security/spring-security-crypto/5.5.3/spring-security-crypto-5.5.3.jar:/home/guest/.m2/org/springframework/security/spring-security-oauth2-resource-server/5.5.3/spring-security-oauth2-resource-server-5.5.3.jar:/home/guest/.m2/org/springframework/security/spring-security-oauth2-core/5.5.3/spring-security-oauth2-core-5.5.3.jar:/home/guest/.m2/org/springframework/security/spring-security-web/5.5.3/spring-security-web-5.5.3.jar:/home/guest/.m2/org/springframework/security/spring-security-oauth2-jose/5.5.3/spring-security-oauth2-jose-5.5.3.jar:/home/guest/.m2/com/nimbusds/nimbus-jose-jwt/9.10.1/nimbus-jose-jwt-9.10.1.jar:/home/guest/.m2/com/github/stephenc/jcip/jcip-annotations/1.0-1/jcip-annotations-1.0-1.jar:"/>
    <property name="java.vm.vendor" value="Oracle Corporation"/>
    <property name="sun.arch.data.model" value="64"/>
    <property name="java.vendor.url" value="http://java.oracle.com/"/>
    <property name="user.timezone" value=""/>
    <property name="java.vm.specification.version" value="11"/>
    <property name="os.name" value="Linux"/>
    <property name="user.country" value="US"/>
    <property name="sun.java.launcher" value="SUN_STANDARD"/>
    <property name="sun.boot.library.path" value="/usr/lib/jvm/java-11-openjdk-11.0.5.10-0.fc29.x86_64/lib"/>
    <property name="sun.java.command" value="/home/guest/NetBeansProjects/ReportReceiver/target/surefire/surefirebooter1512378011497488057.jar /home/guest/NetBeansProjects/ReportReceiver/target/surefire 2021-11-01T22-06-28_789-jvmRun1 surefire12597263254789034398tmp surefire_05050195862162826642tmp"/>
    <property name="jdk.debug" value="release"/>
    <property name="surefire.test.class.path" value="/home/guest/NetBeansProjects/ReportReceiver/target/test-classes:/home/guest/NetBeansProjects/ReportReceiver/target/classes:/home/guest/.m2/org/springframework/boot/spring-boot-starter-web/2.5.6/spring-boot-starter-web-2.5.6.jar:/home/guest/.m2/org/springframework/boot/spring-boot-starter/2.5.6/spring-boot-starter-2.5.6.jar:/home/guest/.m2/org/springframework/boot/spring-boot/2.5.6/spring-boot-2.5.6.jar:/home/guest/.m2/org/springframework/boot/spring-boot-autoconfigure/2.5.6/spring-boot-autoconfigure-2.5.6.jar:/home/guest/.m2/org/springframework/boot/spring-boot-starter-logging/2.5.6/spring-boot-starter-logging-2.5.6.jar:/home/guest/.m2/ch/qos/logback/logback-classic/1.2.6/logback-classic-1.2.6.jar:/home/guest/.m2/ch/qos/logback/logback-core/1.2.6/logback-core-1.2.6.jar:/home/guest/.m2/org/apache/logging/log4j/log4j-to-slf4j/2.14.1/log4j-to-slf4j-2.14.1.jar:/home/guest/.m2/org/apache/logging/log4j/log4j-api/2.14.1/log4j-api-2.14.1.jar:/home/guest/.m2/org/slf4j/jul-to-slf4j/1.7.32/jul-to-slf4j-1.7.32.jar:/home/guest/.m2/jakarta/annotation/jakarta.annotation-api/1.3.5/jakarta.annotation-api-1.3.5.jar:/home/guest/.m2/org/yaml/snakeyaml/1.28/snakeyaml-1.28.jar:/home/guest/.m2/org/springframework/boot/spring-boot-starter-json/2.5.6/spring-boot-starter-json-2.5.6.jar:/home/guest/.m2/com/fasterxml/jackson/core/jackson-databind/2.12.5/jackson-databind-2.12.5.jar:/home/guest/.m2/com/fasterxml/jackson/core/jackson-annotations/2.12.5/jackson-annotations-2.12.5.jar:/home/guest/.m2/com/fasterxml/jackson/core/jackson-core/2.12.5/jackson-core-2.12.5.jar:/home/guest/.m2/com/fasterxml/jackson/datatype/jackson-datatype-jdk8/2.12.5/jackson-datatype-jdk8-2.12.5.jar:/home/guest/.m2/com/fasterxml/jackson/datatype/jackson-datatype-jsr310/2.12.5/jackson-datatype-jsr310-2.12.5.jar:/home/guest/.m2/com/fasterxml/jackson/module/jackson-module-parameter-names/2.12.5/jackson-module-parameter-names-2.12.5.jar:/home/guest/.m2/org/springframework/boot/spring-boot-starter-tomcat/2.5.6/spring-boot-starter-tomcat-2.5.6.jar:/home/guest/.m2/org/apache/tomcat/embed/tomcat-embed-core/9.0.54/tomcat-embed-core-9.0.54.jar:/home/guest/.m2/org/apache/tomcat/embed/tomcat-embed-websocket/9.0.54/tomcat-embed-websocket-9.0.54.jar:/home/guest/.m2/org/springframework/spring-web/5.3.12/spring-web-5.3.12.jar:/home/guest/.m2/org/springframework/spring-beans/5.3.12/spring-beans-5.3.12.jar:/home/guest/.m2/org/springframework/spring-webmvc/5.3.12/spring-webmvc-5.3.12.jar:/home/guest/.m2/org/springframework/spring-aop/5.3.12/spring-aop-5.3.12.jar:/home/guest/.m2/org/springframework/spring-context/5.3.12/spring-context-5.3.12.jar:/home/guest/.m2/org/springframework/spring-expression/5.3.12/spring-expression-5.3.12.jar:/home/guest/.m2/org/springframework/boot/spring-boot-starter-test/2.5.6/spring-boot-starter-test-2.5.6.jar:/home/guest/.m2/org/springframework/boot/spring-boot-test/2.5.6/spring-boot-test-2.5.6.jar:/home/guest/.m2/org/springframework/boot/spring-boot-test-autoconfigure/2.5.6/spring-boot-test-autoconfigure-2.5.6.jar:/home/guest/.m2/com/jayway/jsonpath/json-path/2.5.0/json-path-2.5.0.jar:/home/guest/.m2/net/minidev/json-smart/2.4.7/json-smart-2.4.7.jar:/home/guest/.m2/net/minidev/accessors-smart/2.4.7/accessors-smart-2.4.7.jar:/home/guest/.m2/org/ow2/asm/asm/9.1/asm-9.1.jar:/home/guest/.m2/org/slf4j/slf4j-api/1.7.32/slf4j-api-1.7.32.jar:/home/guest/.m2/jakarta/xml/bind/jakarta.xml.bind-api/2.3.3/jakarta.xml.bind-api-2.3.3.jar:/home/guest/.m2/jakarta/activation/jakarta.activation-api/1.2.2/jakarta.activation-api-1.2.2.jar:/home/guest/.m2/org/assertj/assertj-core/3.19.0/assertj-core-3.19.0.jar:/home/guest/.m2/org/hamcrest/hamcrest/2.2/hamcrest-2.2.jar:/home/guest/.m2/org/junit/jupiter/junit-jupiter/5.7.2/junit-jupiter-5.7.2.jar:/home/guest/.m2/org/junit/jupiter/junit-jupiter-api/5.7.2/junit-jupiter-api-5.7.2.jar:/home/guest/.m2/org/apiguardian/apiguardian-api/1.1.0/apiguardian-api-1.1.0.jar:/home/guest/.m2/org/opentest4j/opentest4j/1.2.0/opentest4j-1.2.0.jar:/home/guest/.m2/org/junit/platform/junit-platform-commons/1.7.2/junit-platform-commons-1.7.2.jar:/home/guest/.m2/org/junit/jupiter/junit-jupiter-params/5.7.2/junit-jupiter-params-5.7.2.jar:/home/guest/.m2/org/junit/jupiter/junit-jupiter-engine/5.7.2/junit-jupiter-engine-5.7.2.jar:/home/guest/.m2/org/junit/platform/junit-platform-engine/1.7.2/junit-platform-engine-1.7.2.jar:/home/guest/.m2/org/mockito/mockito-core/3.9.0/mockito-core-3.9.0.jar:/home/guest/.m2/net/bytebuddy/byte-buddy/1.10.22/byte-buddy-1.10.22.jar:/home/guest/.m2/net/bytebuddy/byte-buddy-agent/1.10.22/byte-buddy-agent-1.10.22.jar:/home/guest/.m2/org/objenesis/objenesis/3.2/objenesis-3.2.jar:/home/guest/.m2/org/mockito/mockito-junit-jupiter/3.9.0/mockito-junit-jupiter-3.9.0.jar:/home/guest/.m2/org/skyscreamer/jsonassert/1.5.0/jsonassert-1.5.0.jar:/home/guest/.m2/com/vaadin/external/google/android-json/0.0.20131108.vaadin1/android-json-0.0.20131108.vaadin1.jar:/home/guest/.m2/org/springframework/spring-core/5.3.12/spring-core-5.3.12.jar:/home/guest/.m2/org/springframework/spring-jcl/5.3.12/spring-jcl-5.3.12.jar:/home/guest/.m2/org/springframework/spring-test/5.3.12/spring-test-5.3.12.jar:/home/guest/.m2/org/xmlunit/xmlunit-core/2.8.3/xmlunit-core-2.8.3.jar:/home/guest/.m2/org/springframework/boot/spring-boot-starter-validation/2.5.6/spring-boot-starter-validation-2.5.6.jar:/home/guest/.m2/org/apache/tomcat/embed/tomcat-embed-el/9.0.54/tomcat-embed-el-9.0.54.jar:/home/guest/.m2/org/hibernate/validator/hibernate-validator/6.2.0.Final/hibernate-validator-6.2.0.Final.jar:/home/guest/.m2/jakarta/validation/jakarta.validation-api/2.0.2/jakarta.validation-api-2.0.2.jar:/home/guest/.m2/org/jboss/logging/jboss-logging/3.4.2.Final/jboss-logging-3.4.2.Final.jar:/home/guest/.m2/com/fasterxml/classmate/1.5.1/classmate-1.5.1.jar:/home/guest/.m2/org/springframework/boot/spring-boot-starter-oauth2-resource-server/2.5.6/spring-boot-starter-oauth2-resource-server-2.5.6.jar:/home/guest/.m2/org/springframework/security/spring-security-config/5.5.3/spring-security-config-5.5.3.jar:/home/guest/.m2/org/springframework/security/spring-security-core/5.5.3/spring-security-core-5.5.3.jar:/home/guest/.m2/org/springframework/security/spring-security-crypto/5.5.3/spring-security-crypto-5.5.3.jar:/home/guest/.m2/org/springframework/security/spring-security-oauth2-resource-server/5.5.3/spring-security-oauth2-resource-server-5.5.3.jar:/home/guest/.m2/org/springframework/security/spring-security-oauth2-core/5.5.3/spring-security-oauth2-core-5.5.3.jar:/home/guest/.m2/org/springframework/security/spring-security-web/5.5.3/spring-security-web-5.5.3.jar:/home/guest/.m2/org/springframework/security/spring-security-oauth2-jose/5.5.3/spring-security-oauth2-jose-5.5.3.jar:/home/guest/.m2/com/nimbusds/nimbus-jose-jwt/9.10.1/nimbus-jose-jwt-9.10.1.jar:/home/guest/.m2/com/github/stephenc/jcip/jcip-annotations/1.0-1/jcip-annotations-1.0-1.jar:"/>
    <property name="sun.cpu.endian" value="little"/>
    <property name="user.home" value="/root"/>
    <property name="user.language" value="en"/>
    <property name="java.specification.vendor" value="Oracle Corporation"/>
    <property name="java.version.date" value="2019-10-15"/>
    <property name="java.home" value="/usr/lib/jvm/java-11-openjdk-11.0.5.10-0.fc29.x86_64"/>
    <property name="file.separator" value="/"/>
    <property name="basedir" value="/home/guest/NetBeansProjects/ReportReceiver"/>
    <property name="java.vm.compressedOopsMode" value="Zero based"/>
    <property name="line.separator" value="&#10;"/>
    <property name="java.specification.name" value="Java Platform API Specification"/>
    <property name="java.vm.specification.vendor" value="Oracle Corporation"/>
    <property name="java.awt.graphicsenv" value="sun.awt.X11GraphicsEnvironment"/>
    <property name="surefire.real.class.path" value="/home/guest/NetBeansProjects/ReportReceiver/target/surefire/surefirebooter1512378011497488057.jar"/>
    <property name="sun.management.compiler" value="HotSpot 64-Bit Tiered Compilers"/>
    <property name="java.runtime.version" value="11.0.5+10"/>
    <property name="user.name" value="root"/>
    <property name="path.separator" value=":"/>
    <property name="os.version" value="5.3.11-100.fc29.x86_64"/>
    <property name="java.runtime.name" value="OpenJDK Runtime Environment"/>
    <property name="file.encoding" value="UTF-8"/>
    <property name="java.vm.name" value="OpenJDK 64-Bit Server VM"/>
    <property name="java.vendor.version" value="18.9"/>
    <property name="maven.ext.class.path" value="/home/guest/netbeans-11.1/netbeans/java/maven-nblib/netbeans-eventspy.jar"/>
    <property name="localRepository" value="/home/guest/.m2"/>
    <property name="java.vendor.url.bug" value="http://bugreport.java.com/bugreport/"/>
    <property name="java.io.tmpdir" value="/tmp"/>
    <property name="java.version" value="11.0.5"/>
    <property name="user.dir" value="/home/guest/NetBeansProjects/ReportReceiver"/>
    <property name="os.arch" value="amd64"/>
    <property name="java.vm.specification.name" value="Java Virtual Machine Specification"/>
    <property name="java.awt.printerjob" value="sun.print.PSPrinterJob"/>
    <property name="sun.os.patch.level" value="unknown"/>
    <property name="java.library.path" value="/usr/java/packages/lib:/usr/lib64:/lib64:/lib:/usr/lib"/>
    <property name="java.vendor" value="Oracle Corporation"/>
    <property name="java.vm.info" value="mixed mode, sharing"/>
    <property name="java.vm.version" value="11.0.5+10"/>
    <property name="sun.io.unicode.encoding" value="UnicodeLittle"/>
    <property name="java.class.version" value="55.0"/>
  </properties>
  <testcase name="contextLoads" classname="com.habibie.demo.DemoApplicationTests" time="0.993"/>
</testsuite>